<?xml version="1.0" encoding="UTF-8"?>
<testng-results skipped="0" failed="1" total="1" passed="0">
  <reporter-output>
  </reporter-output>
  <suite name="Default suite" duration-ms="5166" started-at="2025-01-27T09:49:52Z" finished-at="2025-01-27T09:49:58Z">
    <groups>
    </groups>
    <test name="Default test" duration-ms="5166" started-at="2025-01-27T09:49:52Z" finished-at="2025-01-27T09:49:58Z">
      <class name="Assured.restAssuredFramework.Tests.Crud.TestCreateBookingPost">
        <test-method status="PASS" signature="setUp()[pri:0, instance:Assured.restAssuredFramework.Tests.Crud.TestCreateBookingPost@50eac852]" name="setUp" is-config="true" duration-ms="769" started-at="2025-01-27T15:19:52Z" finished-at="2025-01-27T15:19:53Z">
          <reporter-output>
          </reporter-output>
        </test-method> <!-- setUp -->
        <test-method status="FAIL" signature="testVerifyCreateBookingPostTC01()[pri:0, instance:Assured.restAssuredFramework.Tests.Crud.TestCreateBookingPost@50eac852]" name="testVerifyCreateBookingPostTC01" duration-ms="4236" started-at="2025-01-27T15:19:53Z" finished-at="2025-01-27T15:19:57Z">
          <exception class="java.lang.AssertionError">
            <message>
              <![CDATA[
expected: "nehra"
 but was: "nehra1"]]>
            </message>
            <full-stacktrace>
              <![CDATA[java.lang.AssertionError: 
expected: "nehra"
 but was: "nehra1"
	at Assured.restAssuredFramework.Tests.Crud.TestCreateBookingPost.testVerifyCreateBookingPostTC01(TestCreateBookingPost.java:44)
	at sun.reflect.NativeMethodAccessorImpl.invoke0(Native Method)
	at sun.reflect.NativeMethodAccessorImpl.invoke(NativeMethodAccessorImpl.java:62)
	at sun.reflect.DelegatingMethodAccessorImpl.invoke(DelegatingMethodAccessorImpl.java:43)
	at java.lang.reflect.Method.invoke(Method.java:483)
	at org.testng.internal.MethodInvocationHelper.invokeMethod(MethodInvocationHelper.java:84)
	at org.testng.internal.Invoker.invokeMethod(Invoker.java:714)
	at org.testng.internal.Invoker.invokeTestMethod(Invoker.java:901)
	at org.testng.internal.Invoker.invokeTestMethods(Invoker.java:1231)
	at org.testng.internal.TestMethodWorker.invokeTestMethods(TestMethodWorker.java:127)
	at org.testng.internal.TestMethodWorker.run(TestMethodWorker.java:111)
	at org.testng.TestRunner.privateRun(TestRunner.java:767)
	at org.testng.TestRunner.run(TestRunner.java:617)
	at org.testng.SuiteRunner.runTest(SuiteRunner.java:348)
	at org.testng.SuiteRunner.runSequentially(SuiteRunner.java:343)
	at org.testng.SuiteRunner.privateRun(SuiteRunner.java:305)
	at org.testng.SuiteRunner.run(SuiteRunner.java:254)
	at org.testng.SuiteRunnerWorker.runSuite(SuiteRunnerWorker.java:52)
	at org.testng.SuiteRunnerWorker.run(SuiteRunnerWorker.java:86)
	at org.testng.TestNG.runSuitesSequentially(TestNG.java:1224)
	at org.testng.TestNG.runSuitesLocally(TestNG.java:1149)
	at org.testng.TestNG.run(TestNG.java:1057)
	at org.testng.remote.AbstractRemoteTestNG.run(AbstractRemoteTestNG.java:114)
	at org.testng.remote.RemoteTestNG.initAndRun(RemoteTestNG.java:251)
	at org.testng.remote.RemoteTestNG.main(RemoteTestNG.java:77)
]]>
            </full-stacktrace>
          </exception> <!-- java.lang.AssertionError -->
          <reporter-output>
          </reporter-output>
        </test-method> <!-- testVerifyCreateBookingPostTC01 -->
      </class> <!-- Assured.restAssuredFramework.Tests.Crud.TestCreateBookingPost -->
    </test> <!-- Default test -->
  </suite> <!-- Default suite -->
</testng-results>
