{"uuid":"783ac3f5-7988-4562-91ae-951943014d32","historyId":"d7ac91bf9713a31b0ea71c1c077e0a9","fullName":"ArchitectureofSelenium.SeleniumFramework.tests.TestVWOLogin.setUp","labels":[{"name":"package","value":"ArchitectureofSelenium.SeleniumFramework.tests.TestVWOLogin"},{"name":"testClass","value":"ArchitectureofSelenium.SeleniumFramework.tests.TestVWOLogin"},{"name":"testMethod","value":"setUp"},{"name":"parentSuite","value":"Suite"},{"name":"suite","value":"Test"},{"name":"subSuite","value":"ArchitectureofSelenium.SeleniumFramework.tests.TestVWOLogin"},{"name":"host","value":"mayanknehra-l"},{"name":"thread","value":"18560@mayanknehra-l.main(1)"},{"name":"framework","value":"testng"},{"name":"language","value":"java"},{"name":"AS_ID","value":"-1"}],"links":[],"name":"setUp","status":"broken","statusDetails":{"known":false,"muted":false,"flaky":false,"message":"java.io.FileNotFoundException: C:\\Users\\mayank.nehra\\Testingclass\\9_June\\SeleniumFramework\\SeleniumFramework\\resources\\data.properties (The system cannot find the path specified)","trace":"java.lang.RuntimeException: java.io.FileNotFoundException: C:\\Users\\mayank.nehra\\Testingclass\\9_June\\SeleniumFramework\\SeleniumFramework\\resources\\data.properties (The system cannot find the path specified)\r\n\tat ArchitectureofSelenium.SeleniumFramework.utils.PropertyReader.readKey(PropertyReader.java:24)\r\n\tat ArchitectureofSelenium.SeleniumFramework.drivers.DriverManager.inIt(DriverManager.java:23)\r\n\tat ArchitectureofSelenium.SeleniumFramework.tests.TestVWOLogin.setUp(TestVWOLogin.java:18)\r\n\tat sun.reflect.NativeMethodAccessorImpl.invoke0(Native Method)\r\n\tat sun.reflect.NativeMethodAccessorImpl.invoke(NativeMethodAccessorImpl.java:62)\r\n\tat sun.reflect.DelegatingMethodAccessorImpl.invoke(DelegatingMethodAccessorImpl.java:43)\r\n\tat java.lang.reflect.Method.invoke(Method.java:483)\r\n\tat org.testng.internal.MethodInvocationHelper.invokeMethod(MethodInvocationHelper.java:84)\r\n\tat org.testng.internal.Invoker.invokeConfigurationMethod(Invoker.java:564)\r\n\tat org.testng.internal.Invoker.invokeConfigurations(Invoker.java:213)\r\n\tat org.testng.internal.Invoker.invokeMethod(Invoker.java:653)\r\n\tat org.testng.internal.Invoker.invokeTestMethod(Invoker.java:901)\r\n\tat org.testng.internal.Invoker.invokeTestMethods(Invoker.java:1231)\r\n\tat org.testng.internal.TestMethodWorker.invokeTestMethods(TestMethodWorker.java:127)\r\n\tat org.testng.internal.TestMethodWorker.run(TestMethodWorker.java:111)\r\n\tat org.testng.TestRunner.privateRun(TestRunner.java:767)\r\n\tat org.testng.TestRunner.run(TestRunner.java:617)\r\n\tat org.testng.SuiteRunner.runTest(SuiteRunner.java:348)\r\n\tat org.testng.SuiteRunner.runSequentially(SuiteRunner.java:343)\r\n\tat org.testng.SuiteRunner.privateRun(SuiteRunner.java:305)\r\n\tat org.testng.SuiteRunner.run(SuiteRunner.java:254)\r\n\tat org.testng.SuiteRunnerWorker.runSuite(SuiteRunnerWorker.java:52)\r\n\tat org.testng.SuiteRunnerWorker.run(SuiteRunnerWorker.java:86)\r\n\tat org.testng.TestNG.runSuitesSequentially(TestNG.java:1224)\r\n\tat org.testng.TestNG.runSuitesLocally(TestNG.java:1149)\r\n\tat org.testng.TestNG.run(TestNG.java:1057)\r\n\tat org.testng.remote.AbstractRemoteTestNG.run(AbstractRemoteTestNG.java:114)\r\n\tat org.testng.remote.RemoteTestNG.initAndRun(RemoteTestNG.java:251)\r\n\tat org.testng.remote.RemoteTestNG.main(RemoteTestNG.java:77)\r\nCaused by: java.io.FileNotFoundException: C:\\Users\\mayank.nehra\\Testingclass\\9_June\\SeleniumFramework\\SeleniumFramework\\resources\\data.properties (The system cannot find the path specified)\r\n\tat java.io.FileInputStream.open(Native Method)\r\n\tat java.io.FileInputStream.<init>(FileInputStream.java:138)\r\n\tat java.io.FileInputStream.<init>(FileInputStream.java:93)\r\n\tat ArchitectureofSelenium.SeleniumFramework.utils.PropertyReader.readKey(PropertyReader.java:19)\r\n\t... 28 more\r\n"},"stage":"finished","steps":[],"attachments":[],"parameters":[],"start":1732275320585,"stop":1732275320592}