<?xml version="1.0" encoding="UTF-8"?>
<!-- Generated by org.testng.reporters.JUnitXMLReporter -->
<testsuite hostname="mayanknehra-l" name="Test" tests="6" failures="4" timestamp="16 May 2025 05:27:45 GMT" time="27.454" errors="0">
  <testcase name="TC001" time="8.149" classname="Eretail.FrameworkEretail.tests.EretailLogin"/>
  <testcase name="TC002" time="1.312" classname="Eretail.FrameworkEretail.tests.EretailLogin">
    <failure type="java.lang.AssertionError" message="expected [Welcome to eRetail] but found [Login Failed]">
      <![CDATA[java.lang.AssertionError: expected [Welcome to eRetail] but found [Login Failed]
	at Eretail.FrameworkEretail.tests.EretailLogin.TC002(EretailLogin.java:42)
... Removed 29 stack frames]]>
    </failure>
  </testcase> <!-- TC002 -->
  <testcase name="TC002" time="1.019" classname="Eretail.FrameworkEretail.tests.EretailLogin">
    <failure type="java.lang.AssertionError" message="expected [Welcome to eRetail] but found [Login Failed]">
      <![CDATA[java.lang.AssertionError: expected [Welcome to eRetail] but found [Login Failed]
	at Eretail.FrameworkEretail.tests.EretailLogin.TC002(EretailLogin.java:42)
... Removed 29 stack frames]]>
    </failure>
  </testcase> <!-- TC002 -->
  <testcase name="TC002" time="1.04" classname="Eretail.FrameworkEretail.tests.EretailLogin">
    <failure type="java.lang.AssertionError" message="expected [Welcome to eRetail] but found [Login Failed]">
      <![CDATA[java.lang.AssertionError: expected [Welcome to eRetail] but found [Login Failed]
	at Eretail.FrameworkEretail.tests.EretailLogin.TC002(EretailLogin.java:42)
... Removed 29 stack frames]]>
    </failure>
  </testcase> <!-- TC002 -->
  <testcase name="TC002" time="1.082" classname="Eretail.FrameworkEretail.tests.EretailLogin">
    <failure type="java.lang.AssertionError" message="expected [Welcome to eRetail] but found [Login Failed]">
      <![CDATA[java.lang.AssertionError: expected [Welcome to eRetail] but found [Login Failed]
	at Eretail.FrameworkEretail.tests.EretailLogin.TC002(EretailLogin.java:42)
... Removed 29 stack frames]]>
    </failure>
  </testcase> <!-- TC002 -->
  <testcase name="TC001" time="14.385" classname="Eretail.FrameworkEretail.tests.dummy1"/>
</testsuite> <!-- Test -->
