<?xml version="1.0" encoding="UTF-8"?>
<testng-results skipped="1" failed="0" ignored="0" total="1" passed="0">
  <reporter-output>
  </reporter-output>
  <suite name="Default suite" duration-ms="3106" started-at="2025-04-28T11:09:14Z" finished-at="2025-04-28T11:09:17Z">
    <groups>
    </groups>
    <test name="Default test" duration-ms="3106" started-at="2025-04-28T11:09:14Z" finished-at="2025-04-28T11:09:17Z">
      <class name="seleniumwork.A">
        <test-method status="FAIL" signature="createDriver()[pri:0, instance:seleniumwork.A@52feb982]" name="createDriver" is-config="true" duration-ms="3046" started-at="2025-04-28T11:09:14Z" finished-at="2025-04-28T11:09:17Z">
          <exception class="org.openqa.selenium.SessionNotCreatedException">
            <message>
              <![CDATA[session not created: This version of ChromeDriver only supports Chrome version 127
Current browser version is 135.0.7049.95 with binary path C:\Program Files\Google\Chrome\Application\chrome.exe
Build info: version: '3.14.0', revision: 'aacccce0', time: '2018-08-02T20:13:22.693Z'
System info: host: 'MAYANKNEHRA-L', ip: '17.224.71.249', os.name: 'Windows 8.1', os.arch: 'amd64', os.version: '6.3', java.version: '1.8.0_20'
Driver info: driver.version: ChromeDriver
remote stacktrace: GetHandleVerifier [0x00007FF7C45F9632+30946]
(No symbol) [0x00007FF7C45AE3C9]
(No symbol) [0x00007FF7C44A6FDA]
(No symbol) [0x00007FF7C44E7341]
(No symbol) [0x00007FF7C44E6598]
(No symbol) [0x00007FF7C44E148D]
(No symbol) [0x00007FF7C44DC4FA]
(No symbol) [0x00007FF7C45278B9]
(No symbol) [0x00007FF7C4526F20]
(No symbol) [0x00007FF7C451C813]
(No symbol) [0x00007FF7C44EA6E5]
(No symbol) [0x00007FF7C44EB021]
GetHandleVerifier [0x00007FF7C472F83D+1301229]
GetHandleVerifier [0x00007FF7C473BDB7+1351783]
GetHandleVerifier [0x00007FF7C4732A03+1313971]
GetHandleVerifier [0x00007FF7C462DD06+245686]
(No symbol) [0x00007FF7C45B758F]
(No symbol) [0x00007FF7C45B3804]
(No symbol) [0x00007FF7C45B3992]
(No symbol) [0x00007FF7C45AA3EF]
BaseThreadInitThunk [0x00007FFC60827374+20]
RtlUserThreadStart [0x00007FFC6149CC91+33]
]]>
            </message>
            <full-stacktrace>
              <![CDATA[org.openqa.selenium.SessionNotCreatedException: session not created: This version of ChromeDriver only supports Chrome version 127
Current browser version is 135.0.7049.95 with binary path C:\Program Files\Google\Chrome\Application\chrome.exe
Build info: version: '3.14.0', revision: 'aacccce0', time: '2018-08-02T20:13:22.693Z'
System info: host: 'MAYANKNEHRA-L', ip: '17.224.71.249', os.name: 'Windows 8.1', os.arch: 'amd64', os.version: '6.3', java.version: '1.8.0_20'
Driver info: driver.version: ChromeDriver
remote stacktrace: GetHandleVerifier [0x00007FF7C45F9632+30946]
(No symbol) [0x00007FF7C45AE3C9]
(No symbol) [0x00007FF7C44A6FDA]
(No symbol) [0x00007FF7C44E7341]
(No symbol) [0x00007FF7C44E6598]
(No symbol) [0x00007FF7C44E148D]
(No symbol) [0x00007FF7C44DC4FA]
(No symbol) [0x00007FF7C45278B9]
(No symbol) [0x00007FF7C4526F20]
(No symbol) [0x00007FF7C451C813]
(No symbol) [0x00007FF7C44EA6E5]
(No symbol) [0x00007FF7C44EB021]
GetHandleVerifier [0x00007FF7C472F83D+1301229]
GetHandleVerifier [0x00007FF7C473BDB7+1351783]
GetHandleVerifier [0x00007FF7C4732A03+1313971]
GetHandleVerifier [0x00007FF7C462DD06+245686]
(No symbol) [0x00007FF7C45B758F]
(No symbol) [0x00007FF7C45B3804]
(No symbol) [0x00007FF7C45B3992]
(No symbol) [0x00007FF7C45AA3EF]
BaseThreadInitThunk [0x00007FFC60827374+20]
RtlUserThreadStart [0x00007FFC6149CC91+33]

at sun.reflect.NativeConstructorAccessorImpl.newInstance0(Native Method)
at sun.reflect.NativeConstructorAccessorImpl.newInstance(NativeConstructorAccessorImpl.java:62)
at sun.reflect.DelegatingConstructorAccessorImpl.newInstance(DelegatingConstructorAccessorImpl.java:45)
at java.lang.reflect.Constructor.newInstance(Constructor.java:408)
at org.openqa.selenium.remote.W3CHandshakeResponse.lambda$new$0(W3CHandshakeResponse.java:57)
at org.openqa.selenium.remote.W3CHandshakeResponse$$Lambda$189/1976804832.apply(Unknown Source)
at org.openqa.selenium.remote.W3CHandshakeResponse.lambda$getResponseFunction$2(W3CHandshakeResponse.java:104)
at org.openqa.selenium.remote.W3CHandshakeResponse$$Lambda$191/1902237905.apply(Unknown Source)
at org.openqa.selenium.remote.ProtocolHandshake.lambda$createSession$0(ProtocolHandshake.java:122)
at org.openqa.selenium.remote.ProtocolHandshake$$Lambda$192/485937598.apply(Unknown Source)
at java.util.stream.ReferencePipeline$3$1.accept(ReferencePipeline.java:193)
at java.util.Spliterators$ArraySpliterator.tryAdvance(Spliterators.java:958)
at java.util.stream.ReferencePipeline.forEachWithCancel(ReferencePipeline.java:126)
at java.util.stream.AbstractPipeline.copyIntoWithCancel(AbstractPipeline.java:529)
at java.util.stream.AbstractPipeline.copyInto(AbstractPipeline.java:516)
at java.util.stream.AbstractPipeline.wrapAndCopyInto(AbstractPipeline.java:502)
at java.util.stream.FindOps$FindOp.evaluateSequential(FindOps.java:152)
at java.util.stream.AbstractPipeline.evaluate(AbstractPipeline.java:234)
at java.util.stream.ReferencePipeline.findFirst(ReferencePipeline.java:464)
at org.openqa.selenium.remote.ProtocolHandshake.createSession(ProtocolHandshake.java:125)
at org.openqa.selenium.remote.ProtocolHandshake.createSession(ProtocolHandshake.java:73)
at org.openqa.selenium.remote.HttpCommandExecutor.execute(HttpCommandExecutor.java:136)
at org.openqa.selenium.remote.service.DriverCommandExecutor.execute(DriverCommandExecutor.java:83)
at org.openqa.selenium.remote.RemoteWebDriver.execute(RemoteWebDriver.java:548)
at org.openqa.selenium.remote.RemoteWebDriver.startSession(RemoteWebDriver.java:212)
at org.openqa.selenium.remote.RemoteWebDriver.<init>(RemoteWebDriver.java:130)
at org.openqa.selenium.chrome.ChromeDriver.<init>(ChromeDriver.java:181)
at org.openqa.selenium.chrome.ChromeDriver.<init>(ChromeDriver.java:168)
at org.openqa.selenium.chrome.ChromeDriver.<init>(ChromeDriver.java:123)
at seleniumwork.A.createDriver(A.java:36)
at sun.reflect.NativeMethodAccessorImpl.invoke0(Native Method)
at sun.reflect.NativeMethodAccessorImpl.invoke(NativeMethodAccessorImpl.java:62)
at sun.reflect.DelegatingMethodAccessorImpl.invoke(DelegatingMethodAccessorImpl.java:43)
at java.lang.reflect.Method.invoke(Method.java:483)
at org.testng.internal.MethodInvocationHelper.invokeMethod(MethodInvocationHelper.java:124)
at org.testng.internal.MethodInvocationHelper.invokeMethodConsideringTimeout(MethodInvocationHelper.java:59)
at org.testng.internal.Invoker.invokeConfigurationMethod(Invoker.java:458)
at org.testng.internal.Invoker.invokeConfigurations(Invoker.java:222)
at org.testng.internal.Invoker.invokeConfigurations(Invoker.java:142)
at org.testng.internal.TestMethodWorker.invokeBeforeClassMethods(TestMethodWorker.java:168)
at org.testng.internal.TestMethodWorker.run(TestMethodWorker.java:105)
at org.testng.TestRunner.privateRun(TestRunner.java:648)
at org.testng.TestRunner.run(TestRunner.java:505)
at org.testng.SuiteRunner.runTest(SuiteRunner.java:455)
at org.testng.SuiteRunner.runSequentially(SuiteRunner.java:450)
at org.testng.SuiteRunner.privateRun(SuiteRunner.java:415)
at org.testng.SuiteRunner.run(SuiteRunner.java:364)
at org.testng.SuiteRunnerWorker.runSuite(SuiteRunnerWorker.java:52)
at org.testng.SuiteRunnerWorker.run(SuiteRunnerWorker.java:84)
at org.testng.TestNG.runSuitesSequentially(TestNG.java:1208)
at org.testng.TestNG.runSuitesLocally(TestNG.java:1137)
at org.testng.TestNG.runSuites(TestNG.java:1049)
at org.testng.TestNG.run(TestNG.java:1017)
at org.testng.remote.AbstractRemoteTestNG.run(AbstractRemoteTestNG.java:114)
at org.testng.remote.RemoteTestNG.initAndRun(RemoteTestNG.java:251)
at org.testng.remote.RemoteTestNG.main(RemoteTestNG.java:77)
]]>
            </full-stacktrace>
          </exception> <!-- org.openqa.selenium.SessionNotCreatedException -->
          <reporter-output>
          </reporter-output>
        </test-method> <!-- createDriver -->
        <test-method status="SKIP" signature="TC001()[pri:0, instance:seleniumwork.A@52feb982]" name="TC001" duration-ms="0" started-at="2025-04-28T11:09:17Z" finished-at="2025-04-28T11:09:17Z">
          <exception class="org.openqa.selenium.SessionNotCreatedException">
            <message>
              <![CDATA[session not created: This version of ChromeDriver only supports Chrome version 127
Current browser version is 135.0.7049.95 with binary path C:\Program Files\Google\Chrome\Application\chrome.exe
Build info: version: '3.14.0', revision: 'aacccce0', time: '2018-08-02T20:13:22.693Z'
System info: host: 'MAYANKNEHRA-L', ip: '17.224.71.249', os.name: 'Windows 8.1', os.arch: 'amd64', os.version: '6.3', java.version: '1.8.0_20'
Driver info: driver.version: ChromeDriver
remote stacktrace: GetHandleVerifier [0x00007FF7C45F9632+30946]
(No symbol) [0x00007FF7C45AE3C9]
(No symbol) [0x00007FF7C44A6FDA]
(No symbol) [0x00007FF7C44E7341]
(No symbol) [0x00007FF7C44E6598]
(No symbol) [0x00007FF7C44E148D]
(No symbol) [0x00007FF7C44DC4FA]
(No symbol) [0x00007FF7C45278B9]
(No symbol) [0x00007FF7C4526F20]
(No symbol) [0x00007FF7C451C813]
(No symbol) [0x00007FF7C44EA6E5]
(No symbol) [0x00007FF7C44EB021]
GetHandleVerifier [0x00007FF7C472F83D+1301229]
GetHandleVerifier [0x00007FF7C473BDB7+1351783]
GetHandleVerifier [0x00007FF7C4732A03+1313971]
GetHandleVerifier [0x00007FF7C462DD06+245686]
(No symbol) [0x00007FF7C45B758F]
(No symbol) [0x00007FF7C45B3804]
(No symbol) [0x00007FF7C45B3992]
(No symbol) [0x00007FF7C45AA3EF]
BaseThreadInitThunk [0x00007FFC60827374+20]
RtlUserThreadStart [0x00007FFC6149CC91+33]
]]>
            </message>
            <full-stacktrace>
              <![CDATA[org.openqa.selenium.SessionNotCreatedException: session not created: This version of ChromeDriver only supports Chrome version 127
Current browser version is 135.0.7049.95 with binary path C:\Program Files\Google\Chrome\Application\chrome.exe
Build info: version: '3.14.0', revision: 'aacccce0', time: '2018-08-02T20:13:22.693Z'
System info: host: 'MAYANKNEHRA-L', ip: '17.224.71.249', os.name: 'Windows 8.1', os.arch: 'amd64', os.version: '6.3', java.version: '1.8.0_20'
Driver info: driver.version: ChromeDriver
remote stacktrace: GetHandleVerifier [0x00007FF7C45F9632+30946]
(No symbol) [0x00007FF7C45AE3C9]
(No symbol) [0x00007FF7C44A6FDA]
(No symbol) [0x00007FF7C44E7341]
(No symbol) [0x00007FF7C44E6598]
(No symbol) [0x00007FF7C44E148D]
(No symbol) [0x00007FF7C44DC4FA]
(No symbol) [0x00007FF7C45278B9]
(No symbol) [0x00007FF7C4526F20]
(No symbol) [0x00007FF7C451C813]
(No symbol) [0x00007FF7C44EA6E5]
(No symbol) [0x00007FF7C44EB021]
GetHandleVerifier [0x00007FF7C472F83D+1301229]
GetHandleVerifier [0x00007FF7C473BDB7+1351783]
GetHandleVerifier [0x00007FF7C4732A03+1313971]
GetHandleVerifier [0x00007FF7C462DD06+245686]
(No symbol) [0x00007FF7C45B758F]
(No symbol) [0x00007FF7C45B3804]
(No symbol) [0x00007FF7C45B3992]
(No symbol) [0x00007FF7C45AA3EF]
BaseThreadInitThunk [0x00007FFC60827374+20]
RtlUserThreadStart [0x00007FFC6149CC91+33]

at sun.reflect.NativeConstructorAccessorImpl.newInstance0(Native Method)
at sun.reflect.NativeConstructorAccessorImpl.newInstance(NativeConstructorAccessorImpl.java:62)
at sun.reflect.DelegatingConstructorAccessorImpl.newInstance(DelegatingConstructorAccessorImpl.java:45)
at java.lang.reflect.Constructor.newInstance(Constructor.java:408)
at org.openqa.selenium.remote.W3CHandshakeResponse.lambda$new$0(W3CHandshakeResponse.java:57)
at org.openqa.selenium.remote.W3CHandshakeResponse$$Lambda$189/1976804832.apply(Unknown Source)
at org.openqa.selenium.remote.W3CHandshakeResponse.lambda$getResponseFunction$2(W3CHandshakeResponse.java:104)
at org.openqa.selenium.remote.W3CHandshakeResponse$$Lambda$191/1902237905.apply(Unknown Source)
at org.openqa.selenium.remote.ProtocolHandshake.lambda$createSession$0(ProtocolHandshake.java:122)
at org.openqa.selenium.remote.ProtocolHandshake$$Lambda$192/485937598.apply(Unknown Source)
at java.util.stream.ReferencePipeline$3$1.accept(ReferencePipeline.java:193)
at java.util.Spliterators$ArraySpliterator.tryAdvance(Spliterators.java:958)
at java.util.stream.ReferencePipeline.forEachWithCancel(ReferencePipeline.java:126)
at java.util.stream.AbstractPipeline.copyIntoWithCancel(AbstractPipeline.java:529)
at java.util.stream.AbstractPipeline.copyInto(AbstractPipeline.java:516)
at java.util.stream.AbstractPipeline.wrapAndCopyInto(AbstractPipeline.java:502)
at java.util.stream.FindOps$FindOp.evaluateSequential(FindOps.java:152)
at java.util.stream.AbstractPipeline.evaluate(AbstractPipeline.java:234)
at java.util.stream.ReferencePipeline.findFirst(ReferencePipeline.java:464)
at org.openqa.selenium.remote.ProtocolHandshake.createSession(ProtocolHandshake.java:125)
at org.openqa.selenium.remote.ProtocolHandshake.createSession(ProtocolHandshake.java:73)
at org.openqa.selenium.remote.HttpCommandExecutor.execute(HttpCommandExecutor.java:136)
at org.openqa.selenium.remote.service.DriverCommandExecutor.execute(DriverCommandExecutor.java:83)
at org.openqa.selenium.remote.RemoteWebDriver.execute(RemoteWebDriver.java:548)
at org.openqa.selenium.remote.RemoteWebDriver.startSession(RemoteWebDriver.java:212)
at org.openqa.selenium.remote.RemoteWebDriver.<init>(RemoteWebDriver.java:130)
at org.openqa.selenium.chrome.ChromeDriver.<init>(ChromeDriver.java:181)
at org.openqa.selenium.chrome.ChromeDriver.<init>(ChromeDriver.java:168)
at org.openqa.selenium.chrome.ChromeDriver.<init>(ChromeDriver.java:123)
at seleniumwork.A.createDriver(A.java:36)
at sun.reflect.NativeMethodAccessorImpl.invoke0(Native Method)
at sun.reflect.NativeMethodAccessorImpl.invoke(NativeMethodAccessorImpl.java:62)
at sun.reflect.DelegatingMethodAccessorImpl.invoke(DelegatingMethodAccessorImpl.java:43)
at java.lang.reflect.Method.invoke(Method.java:483)
at org.testng.internal.MethodInvocationHelper.invokeMethod(MethodInvocationHelper.java:124)
at org.testng.internal.MethodInvocationHelper.invokeMethodConsideringTimeout(MethodInvocationHelper.java:59)
at org.testng.internal.Invoker.invokeConfigurationMethod(Invoker.java:458)
at org.testng.internal.Invoker.invokeConfigurations(Invoker.java:222)
at org.testng.internal.Invoker.invokeConfigurations(Invoker.java:142)
at org.testng.internal.TestMethodWorker.invokeBeforeClassMethods(TestMethodWorker.java:168)
at org.testng.internal.TestMethodWorker.run(TestMethodWorker.java:105)
at org.testng.TestRunner.privateRun(TestRunner.java:648)
at org.testng.TestRunner.run(TestRunner.java:505)
at org.testng.SuiteRunner.runTest(SuiteRunner.java:455)
at org.testng.SuiteRunner.runSequentially(SuiteRunner.java:450)
at org.testng.SuiteRunner.privateRun(SuiteRunner.java:415)
at org.testng.SuiteRunner.run(SuiteRunner.java:364)
at org.testng.SuiteRunnerWorker.runSuite(SuiteRunnerWorker.java:52)
at org.testng.SuiteRunnerWorker.run(SuiteRunnerWorker.java:84)
at org.testng.TestNG.runSuitesSequentially(TestNG.java:1208)
at org.testng.TestNG.runSuitesLocally(TestNG.java:1137)
at org.testng.TestNG.runSuites(TestNG.java:1049)
at org.testng.TestNG.run(TestNG.java:1017)
at org.testng.remote.AbstractRemoteTestNG.run(AbstractRemoteTestNG.java:114)
at org.testng.remote.RemoteTestNG.initAndRun(RemoteTestNG.java:251)
at org.testng.remote.RemoteTestNG.main(RemoteTestNG.java:77)
]]>
            </full-stacktrace>
          </exception> <!-- org.openqa.selenium.SessionNotCreatedException -->
          <reporter-output>
          </reporter-output>
        </test-method> <!-- TC001 -->
      </class> <!-- seleniumwork.A -->
    </test> <!-- Default test -->
  </suite> <!-- Default suite -->
</testng-results>
