<?xml version="1.0" encoding="UTF-8"?>
<testsuite name="Default test"
           tests="1"
           failures="1"
           errors="0"
           skipped="0"
           time="0.000">
    <properties></properties>

            <testcase
                name="testVwpLogin"
                time="0.000"
                classname="Assured.restAssuredFramework.Tests.DDT.VwoDDtTest">

            <failure type="java.lang.RuntimeException" message="java.lang.RuntimeException: java.io.IOException: Your InputStream was neither an OLE2 stream, nor an OOXML stream or you haven&apos;t provide the poi-ooxml*.jar in the classpath/modulepath - FileMagic: OOXML, having providers: [org.apache.poi.hssf.usermodel.HSSFWorkbookFactory@7d20d0b]">
                <![CDATA[java.lang.RuntimeException: java.lang.RuntimeException: java.io.IOException: Your InputStream was neither an OLE2 stream, nor an OOXML stream or you haven't provide the poi-ooxml*.jar in the classpath/modulepath - FileMagic: OOXML, having providers: [org.apache.poi.hssf.usermodel.HSSFWorkbookFactory@7d20d0b]
                org.testng.internal.MethodInvocationHelper.invokeDataProvider(MethodInvocationHelper.java:161)org.testng.internal.Parameters.handleParameters(Parameters.java:434)org.testng.internal.Invoker.handleParameters(Invoker.java:1383)org.testng.internal.Invoker.createParameters(Invoker.java:1075)org.testng.internal.Invoker.invokeTestMethods(Invoker.java:1180)org.testng.internal.TestMethodWorker.invokeTestMethods(TestMethodWorker.java:127)org.testng.internal.TestMethodWorker.run(TestMethodWorker.java:111)org.testng.TestRunner.privateRun(TestRunner.java:767)org.testng.TestRunner.run(TestRunner.java:617)org.testng.SuiteRunner.runTest(SuiteRunner.java:348)org.testng.SuiteRunner.runSequentially(SuiteRunner.java:343)org.testng.SuiteRunner.privateRun(SuiteRunner.java:305)org.testng.SuiteRunner.run(SuiteRunner.java:254)org.testng.SuiteRunnerWorker.runSuite(SuiteRunnerWorker.java:52)org.testng.SuiteRunnerWorker.run(SuiteRunnerWorker.java:86)org.testng.TestNG.runSuitesSequentially(TestNG.java:1224)org.testng.TestNG.runSuitesLocally(TestNG.java:1149)org.testng.TestNG.run(TestNG.java:1057)org.testng.remote.AbstractRemoteTestNG.run(AbstractRemoteTestNG.java:114)org.testng.remote.RemoteTestNG.initAndRun(RemoteTestNG.java:251)org.testng.remote.RemoteTestNG.main(RemoteTestNG.java:77)
                    Caused by: java.lang.RuntimeException: java.io.IOException: Your InputStream was neither an OLE2 stream, nor an OOXML stream or you haven't provide the poi-ooxml*.jar in the classpath/modulepath - FileMagic: OOXML, having providers: [org.apache.poi.hssf.usermodel.HSSFWorkbookFactory@7d20d0b]
                    Assured.restAssuredFramework.Utils.UtilsExcel.getTestData(UtilsExcel.java:30)Assured.restAssuredFramework.Utils.UtilsExcel.getData(UtilsExcel.java:43)sun.reflect.NativeMethodAccessorImpl.invoke0(Native Method)sun.reflect.NativeMethodAccessorImpl.invoke(NativeMethodAccessorImpl.java:62)sun.reflect.DelegatingMethodAccessorImpl.invoke(DelegatingMethodAccessorImpl.java:43)java.lang.reflect.Method.invoke(Method.java:483)org.testng.internal.MethodInvocationHelper.invokeMethod(MethodInvocationHelper.java:84)org.testng.internal.MethodInvocationHelper.invokeDataProvider(MethodInvocationHelper.java:135)org.testng.internal.Parameters.handleParameters(Parameters.java:434)org.testng.internal.Invoker.handleParameters(Invoker.java:1383)org.testng.internal.Invoker.createParameters(Invoker.java:1075)org.testng.internal.Invoker.invokeTestMethods(Invoker.java:1180)org.testng.internal.TestMethodWorker.invokeTestMethods(TestMethodWorker.java:127)org.testng.internal.TestMethodWorker.run(TestMethodWorker.java:111)org.testng.TestRunner.privateRun(TestRunner.java:767)org.testng.TestRunner.run(TestRunner.java:617)org.testng.SuiteRunner.runTest(SuiteRunner.java:348)org.testng.SuiteRunner.runSequentially(SuiteRunner.java:343)org.testng.SuiteRunner.privateRun(SuiteRunner.java:305)org.testng.SuiteRunner.run(SuiteRunner.java:254)org.testng.SuiteRunnerWorker.runSuite(SuiteRunnerWorker.java:52)org.testng.SuiteRunnerWorker.run(SuiteRunnerWorker.java:86)org.testng.TestNG.runSuitesSequentially(TestNG.java:1224)org.testng.TestNG.runSuitesLocally(TestNG.java:1149)org.testng.TestNG.run(TestNG.java:1057)org.testng.remote.AbstractRemoteTestNG.run(AbstractRemoteTestNG.java:114)org.testng.remote.RemoteTestNG.initAndRun(RemoteTestNG.java:251)org.testng.remote.RemoteTestNG.main(RemoteTestNG.java:77)
                                    Caused by: java.io.IOException: Your InputStream was neither an OLE2 stream, nor an OOXML stream or you haven't provide the poi-ooxml*.jar in the classpath/modulepath - FileMagic: OOXML, having providers: [org.apache.poi.hssf.usermodel.HSSFWorkbookFactory@7d20d0b]
                    org.apache.poi.ss.usermodel.WorkbookFactory.wp(WorkbookFactory.java:334)org.apache.poi.ss.usermodel.WorkbookFactory.create(WorkbookFactory.java:224)org.apache.poi.ss.usermodel.WorkbookFactory.create(WorkbookFactory.java:185)Assured.restAssuredFramework.Utils.UtilsExcel.getTestData(UtilsExcel.java:28)Assured.restAssuredFramework.Utils.UtilsExcel.getData(UtilsExcel.java:43)sun.reflect.NativeMethodAccessorImpl.invoke0(Native Method)sun.reflect.NativeMethodAccessorImpl.invoke(NativeMethodAccessorImpl.java:62)sun.reflect.DelegatingMethodAccessorImpl.invoke(DelegatingMethodAccessorImpl.java:43)java.lang.reflect.Method.invoke(Method.java:483)org.testng.internal.MethodInvocationHelper.invokeMethod(MethodInvocationHelper.java:84)org.testng.internal.MethodInvocationHelper.invokeDataProvider(MethodInvocationHelper.java:135)org.testng.internal.Parameters.handleParameters(Parameters.java:434)org.testng.internal.Invoker.handleParameters(Invoker.java:1383)org.testng.internal.Invoker.createParameters(Invoker.java:1075)org.testng.internal.Invoker.invokeTestMethods(Invoker.java:1180)org.testng.internal.TestMethodWorker.invokeTestMethods(TestMethodWorker.java:127)org.testng.internal.TestMethodWorker.run(TestMethodWorker.java:111)org.testng.TestRunner.privateRun(TestRunner.java:767)org.testng.TestRunner.run(TestRunner.java:617)org.testng.SuiteRunner.runTest(SuiteRunner.java:348)org.testng.SuiteRunner.runSequentially(SuiteRunner.java:343)org.testng.SuiteRunner.privateRun(SuiteRunner.java:305)org.testng.SuiteRunner.run(SuiteRunner.java:254)org.testng.SuiteRunnerWorker.runSuite(SuiteRunnerWorker.java:52)org.testng.SuiteRunnerWorker.run(SuiteRunnerWorker.java:86)org.testng.TestNG.runSuitesSequentially(TestNG.java:1224)org.testng.TestNG.runSuitesLocally(TestNG.java:1149)org.testng.TestNG.run(TestNG.java:1057)org.testng.remote.AbstractRemoteTestNG.run(AbstractRemoteTestNG.java:114)org.testng.remote.RemoteTestNG.initAndRun(RemoteTestNG.java:251)org.testng.remote.RemoteTestNG.main(RemoteTestNG.java:77)
                ]]>
            </failure>
    </testcase>


</testsuite>
