<?xml version="1.0" encoding="UTF-8"?>
<!-- Generated by org.testng.reporters.JUnitXMLReporter -->
<testsuite hostname="mayanknehra-l" name="Test" tests="6" failures="4" timestamp="14 Nov 2024 05:43:55 GMT" time="17.992" errors="0">
  <testcase name="createToken" time="5.577" classname="Assured.restAssuredFramework.Tests.Integration.TCIntegrationFlowDoSelf"/>
  <testcase name="testCreateBooking" time="2.203" classname="Assured.restAssuredFramework.Tests.Integration.TCIntegrationFlowDoSelf"/>
  <testcase name="testVerifyBookingId" time="2.19" classname="Assured.restAssuredFramework.Tests.Integration.TCIntegrationFlowDoSelf">
    <failure type="java.lang.AssertionError" message="
expected: &amp;quot;nehra2&amp;quot;
 but was: &amp;quot;nehra1&amp;quot;">
      <![CDATA[java.lang.AssertionError: 
expected: "nehra2"
 but was: "nehra1"
	at Assured.restAssuredFramework.Tests.Integration.TCIntegrationFlowDoSelf.testVerifyBookingId(TCIntegrationFlowDoSelf.java:82)
... Removed 24 stack frames]]>
    </failure>
  </testcase> <!-- testVerifyBookingId -->
  <testcase name="testVerifyBookingId" time="2.185" classname="Assured.restAssuredFramework.Tests.Integration.TCIntegrationFlowDoSelf">
    <failure type="java.lang.AssertionError" message="
expected: &amp;quot;nehra2&amp;quot;
 but was: &amp;quot;nehra1&amp;quot;">
      <![CDATA[java.lang.AssertionError: 
expected: "nehra2"
 but was: "nehra1"
	at Assured.restAssuredFramework.Tests.Integration.TCIntegrationFlowDoSelf.testVerifyBookingId(TCIntegrationFlowDoSelf.java:82)
... Removed 24 stack frames]]>
    </failure>
  </testcase> <!-- testVerifyBookingId -->
  <testcase name="testVerifyBookingId" time="2.358" classname="Assured.restAssuredFramework.Tests.Integration.TCIntegrationFlowDoSelf">
    <failure type="java.lang.AssertionError" message="
expected: &amp;quot;nehra2&amp;quot;
 but was: &amp;quot;nehra1&amp;quot;">
      <![CDATA[java.lang.AssertionError: 
expected: "nehra2"
 but was: "nehra1"
	at Assured.restAssuredFramework.Tests.Integration.TCIntegrationFlowDoSelf.testVerifyBookingId(TCIntegrationFlowDoSelf.java:82)
... Removed 24 stack frames]]>
    </failure>
  </testcase> <!-- testVerifyBookingId -->
  <testcase name="testVerifyBookingId" time="2.01" classname="Assured.restAssuredFramework.Tests.Integration.TCIntegrationFlowDoSelf">
    <failure type="java.lang.AssertionError" message="
expected: &amp;quot;nehra2&amp;quot;
 but was: &amp;quot;nehra1&amp;quot;">
      <![CDATA[java.lang.AssertionError: 
expected: "nehra2"
 but was: "nehra1"
	at Assured.restAssuredFramework.Tests.Integration.TCIntegrationFlowDoSelf.testVerifyBookingId(TCIntegrationFlowDoSelf.java:82)
... Removed 24 stack frames]]>
    </failure>
  </testcase> <!-- testVerifyBookingId -->
</testsuite> <!-- Test -->
